********************************************************************************
PACKAGE-LOG: 2015-11-11 06:45:42
NOTICE: Do NOT post to public sites or forums 
********************************************************************************
VERSION:	0.5.34
WORDPRESS:	4.3.1
PHP INFO:	5.5.8 | SAPI: apache2handler
SERVER:		Apache/2.4.7 (Win32) PHP/5.5.8 
PHP TIME LIMIT: (0) no time limit imposed 
PHP MAX MEMORY: 5000M (128M default) 
MEMORY STACK: 26.5MB 

********************************************************************************
DATABASE:
********************************************************************************
BUILD MODE:   PHP(query limit - 100)
MYSQLTIMEOUT: 5000
MYSQLDUMP:    Not Supported 
TABLES: total:25 | filtered:0 | create:25 
FILTERED: [] 
SQL CREATED: 20151109_joelalphonso_5642e3fc368153502151111064516_database.sql 
file size:1200703 
SQL FILE SIZE: 1.15MB 
SQL FILE TIME: 2015-11-11 06:45:42 
SQL RUNTIME: 0.21 sec. 

******************************************************************************** 
ARCHIVE (ZIP): 
******************************************************************************** 
ARCHIVE DIR:  C:/Program Files (x86)/EasyPHP-DevServer-14.1VC11/data/localweb/projects/Portfolio 
ARCHIVE FILE: 20151109_joelalphonso_5642e3fc368153502151111064516_archive.zip 
FILTERS: *OFF* 
DIRS:  not set 
EXTS:  not set 
---------------------------------------- 
COMPRESSING 
SIZE:	91.43MB 
STATS:	Dirs 681 | Files 5,614 
SQL ADDED: 20151109_joelalphonso_5642e3fc368153502151111064516_database.sql 
ZipArchive Object
(
    [status] => 0
    [statusSys] => 0
    [numFiles] => 6295
    [filename] => C:\Program Files (x86)\EasyPHP-DevServer-14.1VC11\data\localweb\projects\Portfolio\wp-snapshots\tmp\20151109_joelalphonso_5642e3fc368153502151111064516_archive.zip
    [comment] => 
)
 
COMPRESSION RESULT: '1' 
COMPRESSED SIZE: 52.8MB 
ARCHIVE RUNTIME: 9.51 sec. 
MEMORY STACK: 29MB 

******************************************************************************** 
MAKE INSTALLER: 
******************************************************************************** 
Build Start 
Build Finished 
Preping for use 
Template parsed with new data 
Complete [C:/Program Files (x86)/EasyPHP-DevServer-14.1VC11/data/localweb/projects/Portfolio/wp-snapshots/tmp/20151109_joelalphonso_5642e3fc368153502151111064516_installer.php] 
Added to archive 

******************************************************************************** 
INTEGRITY CHECKS: 
******************************************************************************** 
SQL File: 1.15MB 
Installer File: 318.05KB 
Archive File: 52.8MB  

********************************************************************************
RECORD ID:[3]
TOTAL PROCESS RUNTIME: 10.10 sec.
PEAK PHP MEMORY USED: 31MB
DONE PROCESSING => 20151109_joelalphonso 2015-11-11 06:45:52
 
